<?xml version="1.0" encoding="UTF-8"?>
<!-- Generated by org.testng.reporters.JUnitReportReporter -->
<testsuite skipped="0" hostname="DESKTOP-U97TI4R" name="tests.CreateLead" tests="1" failures="0" timestamp="10 Jun 2018 06:56:50 GMT" time="4.971" errors="0">
  <testcase name="createLead" time="4.971" classname="tests.CreateLead"/>
</testsuite> <!-- tests.CreateLead -->
