<?xml version="1.0" encoding="UTF-8"?>
<!-- Generated by org.testng.reporters.JUnitReportReporter -->
<testsuite skipped="1" hostname="DESKTOP-U822VNM" name="leaf.leads.EditLead" tests="2" failures="0" timestamp="25 Jun 2018 12:31:38 GMT" time="0.001" errors="1">
  <testcase name="editLead" time="0.000" classname="leaf.leads.EditLead">
    <skipped/>
  </testcase> <!-- editLead -->
  <testcase name="beforeClass" time="0.001" classname="leaf.leads.EditLead">
    <error type="java.lang.NullPointerException">
      <![CDATA[java.lang.NullPointerException
at lib.reports.Reports.startTestCase(Reports.java:28)
at lib.selenium.PreAndPost.beforeClass(PreAndPost.java:48)
at sun.reflect.NativeMethodAccessorImpl.invoke0(Native Method)
at sun.reflect.NativeMethodAccessorImpl.invoke(Unknown Source)
at sun.reflect.DelegatingMethodAccessorImpl.invoke(Unknown Source)
at java.lang.reflect.Method.invoke(Unknown Source)
at org.testng.internal.MethodInvocationHelper.invokeMethod(MethodInvocationHelper.java:124)
at org.testng.internal.MethodInvocationHelper.invokeMethodConsideringTimeout(MethodInvocationHelper.java:59)
at org.testng.internal.Invoker.invokeConfigurationMethod(Invoker.java:458)
at org.testng.internal.Invoker.invokeConfigurations(Invoker.java:222)
at org.testng.internal.Invoker.invokeConfigurations(Invoker.java:142)
at org.testng.internal.TestMethodWorker.invokeBeforeClassMethods(TestMethodWorker.java:168)
at org.testng.internal.TestMethodWorker.run(TestMethodWorker.java:105)
at java.util.concurrent.ThreadPoolExecutor.runWorker(Unknown Source)
at java.util.concurrent.ThreadPoolExecutor$Worker.run(Unknown Source)
at java.lang.Thread.run(Unknown Source)
]]>
    </error>
  </testcase> <!-- beforeClass -->
</testsuite> <!-- leaf.leads.EditLead -->
