<?xml version="1.0" encoding="UTF-8"?>
<!-- Generated by org.testng.reporters.JUnitReportReporter -->
<testsuite skipped="0" hostname="DESKTOP-U822VNM" name="leaf.leads.CreateLead" tests="1" failures="0" timestamp="25 Jun 2018 12:39:24 GMT" time="19.836" errors="0">
  <testcase name="createLead" time="19.836" classname="leaf.leads.CreateLead"/>
</testsuite> <!-- leaf.leads.CreateLead -->
