<?xml version="1.0" encoding="UTF-8"?>
<!-- Generated by org.testng.reporters.JUnitReportReporter -->
<testsuite skipped="0" hostname="DESKTOP-U97TI4R" name="week3.day1.LearnAnnotations" tests="2" failures="0" timestamp="23 Jun 2018 06:32:46 GMT" time="23.476" errors="0">
  <testcase name="alert" time="14.817" classname="week3.day1.LearnAnnotations"/>
  <testcase name="frame" time="8.659" classname="week3.day1.LearnAnnotations"/>
</testsuite> <!-- week3.day1.LearnAnnotations -->
